[ 2017-06-23T16:30:07+08:00 ] ::1 /cementProject/data/socketReceive
INFO: [ app_init ] --START--
INFO: Run Behavior\BuildLiteBehavior [ RunTime:0.000009s ]
INFO: [ app_init ] --END-- [ RunTime:0.000358s ]
INFO: [ app_begin ] --START--
INFO: Run Behavior\ReadHtmlCacheBehavior [ RunTime:0.000443s ]
INFO: [ app_begin ] --END-- [ RunTime:0.000478s ]
NOTIC: [2] socket_bind():  E:\xampp\htdocs\cementProject\Application\project\Controller\DataController.class.php 第 59 行.

[ 2017-06-23T16:30:22+08:00 ] ::1 /cementProject/data/socketReceive
INFO: [ app_init ] --START--
INFO: Run Behavior\BuildLiteBehavior [ RunTime:0.000011s ]
INFO: [ app_init ] --END-- [ RunTime:0.000449s ]
INFO: [ app_begin ] --START--
INFO: Run Behavior\ReadHtmlCacheBehavior [ RunTime:0.000554s ]
INFO: [ app_begin ] --END-- [ RunTime:0.000605s ]
NOTIC: [2] socket_bind():  E:\xampp\htdocs\cementProject\Application\project\Controller\DataController.class.php 第 59 行.

[ 2017-06-23T16:30:25+08:00 ] ::1 /cementProject/data/socketReceive
INFO: [ app_init ] --START--
INFO: Run Behavior\BuildLiteBehavior [ RunTime:0.000009s ]
INFO: [ app_init ] --END-- [ RunTime:0.000297s ]
INFO: [ app_begin ] --START--
INFO: Run Behavior\ReadHtmlCacheBehavior [ RunTime:0.000342s ]
INFO: [ app_begin ] --END-- [ RunTime:0.000374s ]
NOTIC: [2] socket_bind():  E:\xampp\htdocs\cementProject\Application\project\Controller\DataController.class.php 第 59 行.

[ 2017-06-23T16:30:27+08:00 ] ::1 /cementProject/data/socketReceive
INFO: [ app_init ] --START--
INFO: Run Behavior\BuildLiteBehavior [ RunTime:0.000009s ]
INFO: [ app_init ] --END-- [ RunTime:0.000346s ]
INFO: [ app_begin ] --START--
INFO: Run Behavior\ReadHtmlCacheBehavior [ RunTime:0.000393s ]
INFO: [ app_begin ] --END-- [ RunTime:0.000425s ]
NOTIC: [2] socket_bind():  E:\xampp\htdocs\cementProject\Application\project\Controller\DataController.class.php 第 59 行.

[ 2017-06-23T16:30:28+08:00 ] ::1 /cementProject/data/socketReceive
INFO: [ app_init ] --START--
INFO: Run Behavior\BuildLiteBehavior [ RunTime:0.000008s ]
INFO: [ app_init ] --END-- [ RunTime:0.000351s ]
INFO: [ app_begin ] --START--
INFO: Run Behavior\ReadHtmlCacheBehavior [ RunTime:0.000384s ]
INFO: [ app_begin ] --END-- [ RunTime:0.000416s ]
NOTIC: [2] socket_bind():  E:\xampp\htdocs\cementProject\Application\project\Controller\DataController.class.php 第 59 行.

[ 2017-06-23T16:30:31+08:00 ] ::1 /cementProject/data/socketReceive
INFO: [ app_init ] --START--
INFO: Run Behavior\BuildLiteBehavior [ RunTime:0.000008s ]
INFO: [ app_init ] --END-- [ RunTime:0.000355s ]
INFO: [ app_begin ] --START--
INFO: Run Behavior\ReadHtmlCacheBehavior [ RunTime:0.000493s ]
INFO: [ app_begin ] --END-- [ RunTime:0.000541s ]
NOTIC: [2] socket_bind():  E:\xampp\htdocs\cementProject\Application\project\Controller\DataController.class.php 第 59 行.

[ 2017-06-23T16:30:41+08:00 ] ::1 /cementProject/data/socketReceive
INFO: [ app_init ] --START--
INFO: Run Behavior\BuildLiteBehavior [ RunTime:0.000013s ]
INFO: [ app_init ] --END-- [ RunTime:0.000306s ]
INFO: [ app_begin ] --START--
INFO: Run Behavior\ReadHtmlCacheBehavior [ RunTime:0.000423s ]
INFO: [ app_begin ] --END-- [ RunTime:0.000472s ]
NOTIC: [2] socket_bind():  E:\xampp\htdocs\cementProject\Application\project\Controller\DataController.class.php 第 59 行.

[ 2017-06-23T16:33:33+08:00 ] ::1 /cementProject/data/socketReceive
INFO: [ app_init ] --START--
INFO: Run Behavior\BuildLiteBehavior [ RunTime:0.000009s ]
INFO: [ app_init ] --END-- [ RunTime:0.000305s ]
INFO: [ app_begin ] --START--
INFO: Run Behavior\ReadHtmlCacheBehavior [ RunTime:0.000430s ]
INFO: [ app_begin ] --END-- [ RunTime:0.000472s ]
NOTIC: [2] socket_bind():  E:\xampp\htdocs\cementProject\Application\project\Controller\DataController.class.php 第 59 行.

[ 2017-06-23T16:33:45+08:00 ] ::1 /cementProject/data/socketReceive
INFO: [ app_init ] --START--
INFO: Run Behavior\BuildLiteBehavior [ RunTime:0.000016s ]
INFO: [ app_init ] --END-- [ RunTime:0.000682s ]
INFO: [ app_begin ] --START--
INFO: Run Behavior\ReadHtmlCacheBehavior [ RunTime:0.000617s ]
INFO: [ app_begin ] --END-- [ RunTime:0.000698s ]
NOTIC: [2] socket_bind():  E:\xampp\htdocs\cementProject\Application\project\Controller\DataController.class.php 第 59 行.

[ 2017-06-23T16:33:46+08:00 ] ::1 /cementProject/data/socketReceive
INFO: [ app_init ] --START--
INFO: Run Behavior\BuildLiteBehavior [ RunTime:0.000008s ]
INFO: [ app_init ] --END-- [ RunTime:0.000328s ]
INFO: [ app_begin ] --START--
INFO: Run Behavior\ReadHtmlCacheBehavior [ RunTime:0.000377s ]
INFO: [ app_begin ] --END-- [ RunTime:0.000409s ]
NOTIC: [2] socket_bind():  E:\xampp\htdocs\cementProject\Application\project\Controller\DataController.class.php 第 59 行.

[ 2017-06-23T16:58:06+08:00 ] ::1 /cementProject/data/socketReceive
INFO: [ app_init ] --START--
INFO: Run Behavior\BuildLiteBehavior [ RunTime:0.000015s ]
INFO: [ app_init ] --END-- [ RunTime:0.001089s ]
INFO: [ app_begin ] --START--
INFO: Run Behavior\ReadHtmlCacheBehavior [ RunTime:0.000469s ]
INFO: [ app_begin ] --END-- [ RunTime:0.000508s ]
NOTIC: [2] socket_bind():  E:\xampp\htdocs\cementProject\Application\project\Controller\DataController.class.php 第 59 行.

